<?xml version="1.0" encoding="UTF-8"?>
<testsuite xmlns:xsi="http://www.w3.org/2001/XMLSchema-instance" xsi:noNamespaceSchemaLocation="https://maven.apache.org/surefire/maven-surefire-plugin/xsd/surefire-test-report.xsd" version="3.0.2" name="com.example.demo.SoapPruebasApplicationTests" time="2.835" tests="1" errors="0" skipped="0" failures="0">
  <properties>
[...]
</properties>
  <testcase name="contextLoads" classname="com.example.demo.SoapPruebasApplicationTests" time="0.799">
    <system-out><![CDATA[15:32:32.165 [main] INFO org.springframework.test.context.support.AnnotationConfigContextLoaderUtils -- Could not detect default configuration classes for test class [com.example.demo.SoapPruebasApplicationTests]: SoapPruebasApplicationTests does not declare any static, non-private, non-final, nested classes annotated with @Configuration.
15:32:32.276 [main] INFO org.springframework.boot.test.context.SpringBootTestContextBootstrapper -- Found @SpringBootConfiguration com.example.demo.SoapPruebasApplication for test class com.example.demo.SoapPruebasApplicationTests
'########:::::'###::::'########:'####:'##:::'##:'####:::::::::::::'###::::'########::'########::
 ##.... ##:::'## ##::: ##.....::. ##:: ##::'##::. ##:::::::::::::'## ##::: ##.... ##: ##.... ##:
 ##:::: ##::'##:. ##:: ##:::::::: ##:: ##:'##:::: ##::::::::::::'##:. ##:: ##:::: ##: ##:::: ##:
 ########::'##:::. ##: ######:::: ##:: #####::::: ##::'#######:'##:::. ##: ########:: ########::
 ##.. ##::: #########: ##...::::: ##:: ##. ##:::: ##::........: #########: ##.....::: ##.....:::
 ##::. ##:: ##.... ##: ##:::::::: ##:: ##:. ##::: ##::::::::::: ##.... ##: ##:::::::: ##::::::::
 ##:::. ##: ##:::: ##: ##:::::::'####: ##::. ##:'####:::::::::: ##:::: ##: ##:::::::: ##::::::::
..:::::..::..:::::..::..::::::::....::..::::..::....:::::::::::..:::::..::..:::::::::..:::::::::
 
Powered by Spring Boot 3.4.5
2025-06-06T15:32:32.653+01:00  INFO 18756 --- [SoapPruebas] [           main] c.e.demo.SoapPruebasApplicationTests     : Starting SoapPruebasApplicationTests using Java 17 with PID 18756 (started by abraham.quintana in C:\dev\Workspace-bb2\SOAP\demo)
2025-06-06T15:32:32.657+01:00  INFO 18756 --- [SoapPruebas] [           main] c.e.demo.SoapPruebasApplicationTests     : No active profile set, falling back to 1 default profile: "default"
2025-06-06T15:32:33.394+01:00  INFO 18756 --- [SoapPruebas] [           main] o.s.ws.soap.saaj.SaajSoapMessageFactory  : Creating SAAJ 1.3 MessageFactory with SOAP 1.1 Protocol
2025-06-06T15:32:34.020+01:00  INFO 18756 --- [SoapPruebas] [           main] .w.s.a.s.AnnotationActionEndpointMapping : Supporting [WS-Addressing August 2004, WS-Addressing 1.0]
2025-06-06T15:32:34.062+01:00  INFO 18756 --- [SoapPruebas] [           main] c.e.demo.SoapPruebasApplicationTests     : Started SoapPruebasApplicationTests in 1.672 seconds (process running for 2.474)
]]></system-out>
  </testcase>
</testsuite>